#-----------------------------------------------------------
# Vivado v2019.1 (64-bit)
# SW Build 2552052 on Fri May 24 14:49:42 MDT 2019
# IP Build 2548770 on Fri May 24 18:01:18 MDT 2019
# Start of session at: Tue Apr  4 23:04:51 2023
# Process ID: 8248
# Current directory: C:/ECE4710/Final Project/Final Project.sim/sim_1/behav/xsim
# Command line: vivado.exe -gui_launcher_event rodinguilauncherevent916 C:\ECE4710\Final Project\Final Project.sim\sim_1\behav\xsim\tb_top_behav.wdb
# Log file: C:/ECE4710/Final Project/Final Project.sim/sim_1/behav/xsim/vivado.log
# Journal file: C:/ECE4710/Final Project/Final Project.sim/sim_1/behav/xsim\vivado.jou
#-----------------------------------------------------------
start_gui
open_wave_database {C:\ECE4710\Final Project\Final Project.sim\sim_1\behav\xsim\tb_top_behav.wdb}
INFO: [IP_Flow 19-234] Refreshing IP repositories
INFO: [IP_Flow 19-1704] No user IP repositories specified
INFO: [IP_Flow 19-2313] Loaded Vivado IP repository 'C:/Xilinx/Vivado/2019.1/data/ip'.
INFO: [Common 17-41] Interrupt caught. Command should exit soon.
open_wave_database: Time (s): cpu = 00:00:07 ; elapsed = 00:00:06 . Memory (MB): peak = 681.867 ; gain = 89.133
INFO: [Common 17-344] 'open_wave_database' was cancelled
1
INFO: [Common 17-344] 'rdi::open_ppr_or_dcp' was cancelled
close_sim
INFO: [Simtcl 6-16] Simulation closed
exit
INFO: [Common 17-206] Exiting Vivado at Tue Apr  4 23:05:28 2023...
